# JRE version: Java(TM) SE Runtime Environment (12.0.2+10) (build 12.0.2+10)
# Java VM: Java HotSpot(TM) 64-Bit Server VM (12.0.2+10, mixed mode, sharing, tiered, compressed oops, g1 gc, windows-amd64)
Heap:
 garbage-first heap   total 524288K, used 314163K [0x0000000601000000, 0x0000000800000000)
  region size 2048K, 153 young (313344K), 1 survivors (2048K)
 Metaspace       used 4688K, capacity 5883K, committed 6016K, reserved 1056768K
  class space    used 465K, capacity 593K, committed 640K, reserved 1048576K
GC Heap History (10 events):
Event: 1436.742 GC heap after
{Heap after GC invocations=2567 (full 0):
 garbage-first heap   total 524288K, used 2867K [0x0000000601000000, 0x0000000800000000)
  region size 2048K, 1 young (2048K), 1 survivors (2048K)
 Metaspace       used 4663K, capacity 5819K, committed 6016K, reserved 1056768K
  class space    used 465K, capacity 593K, committed 640K, reserved 1048576K
}
Event: 1437.295 GC heap before
{Heap before GC invocations=2567 (full 0):
 garbage-first heap   total 524288K, used 314163K [0x0000000601000000, 0x0000000800000000)
  region size 2048K, 153 young (313344K), 1 survivors (2048K)
 Metaspace       used 4663K, capacity 5819K, committed 6016K, reserved 1056768K
  class space    used 465K, capacity 593K, committed 640K, reserved 1048576K
}
Event: 1437.296 GC heap after
{Heap after GC invocations=2568 (full 0):
 garbage-first heap   total 524288K, used 2865K [0x0000000601000000, 0x0000000800000000)
  region size 2048K, 1 young (2048K), 1 survivors (2048K)
 Metaspace       used 4663K, capacity 5819K, committed 6016K, reserved 1056768K
  class space    used 465K, capacity 593K, committed 640K, reserved 1048576K
}
Event: 1437.849 GC heap before
{Heap before GC invocations=2568 (full 0):
 garbage-first heap   total 524288K, used 314161K [0x0000000601000000, 0x0000000800000000)
  region size 2048K, 153 young (313344K), 1 survivors (2048K)
 Metaspace       used 4663K, capacity 5819K, committed 6016K, reserved 1056768K
  class space    used 465K, capacity 593K, committed 640K, reserved 1048576K
}
Event: 1437.850 GC heap after
{Heap after GC invocations=2569 (full 0):
 garbage-first heap   total 524288K, used 2865K [0x0000000601000000, 0x0000000800000000)
  region size 2048K, 1 young (2048K), 1 survivors (2048K)
 Metaspace       used 4663K, capacity 5819K, committed 6016K, reserved 1056768K
  class space    used 465K, capacity 593K, committed 640K, reserved 1048576K
}
Event: 1438.403 GC heap before
{Heap before GC invocations=2569 (full 0):
 garbage-first heap   total 524288K, used 314161K [0x0000000601000000, 0x0000000800000000)
  region size 2048K, 153 young (313344K), 1 survivors (2048K)
 Metaspace       used 4663K, capacity 5819K, committed 6016K, reserved 1056768K
  class space    used 465K, capacity 593K, committed 640K, reserved 1048576K
}
Event: 1438.404 GC heap after
{Heap after GC invocations=2570 (full 0):
 garbage-first heap   total 524288K, used 2867K [0x0000000601000000, 0x0000000800000000)
  region size 2048K, 1 young (2048K), 1 survivors (2048K)
 Metaspace       used 4663K, capacity 5819K, committed 6016K, reserved 1056768K
  class space    used 465K, capacity 593K, committed 640K, reserved 1048576K
}
Event: 1438.971 GC heap before
{Heap before GC invocations=2570 (full 0):
 garbage-first heap   total 524288K, used 314163K [0x0000000601000000, 0x0000000800000000)
  region size 2048K, 153 young (313344K), 1 survivors (2048K)
 Metaspace       used 4663K, capacity 5819K, committed 6016K, reserved 1056768K
  class space    used 465K, capacity 593K, committed 640K, reserved 1048576K
}
Event: 1438.972 GC heap after
{Heap after GC invocations=2571 (full 0):
 garbage-first heap   total 524288K, used 2867K [0x0000000601000000, 0x0000000800000000)
  region size 2048K, 1 young (2048K), 1 survivors (2048K)
 Metaspace       used 4663K, capacity 5819K, committed 6016K, reserved 1056768K
  class space    used 465K, capacity 593K, committed 640K, reserved 1048576K
}
Event: 1439.560 GC heap before
{Heap before GC invocations=2571 (full 0):
 garbage-first heap   total 524288K, used 314163K [0x0000000601000000, 0x0000000800000000)
  region size 2048K, 153 young (313344K), 1 survivors (2048K)
 Metaspace       used 4688K, capacity 5883K, committed 6016K, reserved 1056768K
  class space    used 465K, capacity 593K, committed 640K, reserved 1048576K
}

